This is pdfTeX, Version 3.14159265-2.6-1.40.21 (TeX Live 2020) (preloaded format=pdflatex 2020.9.9)  9 JUL 2021 14:24
entering extended mode
 restricted \write18 enabled.
 %&-line parsing enabled.
**contributions.tex
(./contributions.tex
LaTeX2e <2020-02-02> patch level 5
L3 programming layer <2020-09-06>

! LaTeX Error: Environment rubric undefined.

See the LaTeX manual or LaTeX Companion for explanation.
Type  H <return>  for immediate help.
 ...                                              
                                                  
l.1 \begin{rubric}
                  {Contributed presentations}
Your command was ignored.
Type  I <command> <return>  to replace it with another command,
or  <return>  to continue without it.


! LaTeX Error: Missing \begin{document}.

See the LaTeX manual or LaTeX Companion for explanation.
Type  H <return>  for immediate help.
 ...                                              
                                                  
l.1 \begin{rubric}{C
                    ontributed presentations}
You're in trouble here.  Try typing  <return>  to proceed.
If that doesn't work, type  X <return>  to quit.

Missing character: There is no C in font nullfont!
Missing character: There is no o in font nullfont!
Missing character: There is no n in font nullfont!
Missing character: There is no t in font nullfont!
Missing character: There is no r in font nullfont!
Missing character: There is no i in font nullfont!
Missing character: There is no b in font nullfont!
Missing character: There is no u in font nullfont!
Missing character: There is no t in font nullfont!
Missing character: There is no e in font nullfont!
Missing character: There is no d in font nullfont!
Missing character: There is no p in font nullfont!
Missing character: There is no r in font nullfont!
Missing character: There is no e in font nullfont!
Missing character: There is no s in font nullfont!
Missing character: There is no e in font nullfont!
Missing character: There is no n in font nullfont!
Missing character: There is no t in font nullfont!
Missing character: There is no a in font nullfont!
Missing character: There is no t in font nullfont!
Missing character: There is no i in font nullfont!
Missing character: There is no o in font nullfont!
Missing character: There is no n in font nullfont!
Missing character: There is no s in font nullfont!
! Undefined control sequence.
l.2 \entry
          *[28 June - 2 July 2021]%
The control sequence at the end of the top line
of your error message was never \def'ed. If you have
misspelled it (e.g., `\hobx'), type `I' and the correct
spelling (e.g., `I\hbox'). Otherwise just continue,
and I'll forget about whatever was undefined.

Missing character: There is no * in font nullfont!
Missing character: There is no [ in font nullfont!
Missing character: There is no 2 in font nullfont!
Missing character: There is no 8 in font nullfont!
Missing character: There is no J in font nullfont!
Missing character: There is no u in font nullfont!
Missing character: There is no n in font nullfont!
Missing character: There is no e in font nullfont!
Missing character: There is no - in font nullfont!
Missing character: There is no 2 in font nullfont!
Missing character: There is no J in font nullfont!
Missing character: There is no u in font nullfont!
Missing character: There is no l in font nullfont!
Missing character: There is no y in font nullfont!
Missing character: There is no 2 in font nullfont!
Missing character: There is no 0 in font nullfont!
Missing character: There is no 2 in font nullfont!
Missing character: There is no 1 in font nullfont!
Missing character: There is no ] in font nullfont!

Overfull \hbox (20.0pt too wide) in paragraph at lines 1--3
[]
 []


Overfull \hbox (17.77768pt too wide) in paragraph at lines 1--3
\OT1/cmr/bx/n/10 Eu-
 []


Overfull \hbox (14.31938pt too wide) in paragraph at lines 1--3
\OT1/cmr/bx/n/10 ro-
 []


Overfull \hbox (23.95819pt too wide) in paragraph at lines 1--3
\OT1/cmr/bx/n/10 pean
 []


Overfull \hbox (17.06378pt too wide) in paragraph at lines 1--3
\OT1/cmr/bx/n/10 As-
 []


Overfull \hbox (18.79158pt too wide) in paragraph at lines 1--3
\OT1/cmr/bx/n/10 tro-
 []


Overfull \hbox (25.55542pt too wide) in paragraph at lines 1--3
\OT1/cmr/bx/n/10 nom-
 []


Overfull \hbox (7.02774pt too wide) in paragraph at lines 1--3
\OT1/cmr/bx/n/10 i-
 []


Overfull \hbox (13.89574pt too wide) in paragraph at lines 1--3
\OT1/cmr/bx/n/10 cal
 []


Overfull \hbox (15.97214pt too wide) in paragraph at lines 1--3
\OT1/cmr/bx/n/10 So-
 []


Overfull \hbox (12.13882pt too wide) in paragraph at lines 1--3
\OT1/cmr/bx/n/10 ci-
 []


Overfull \hbox (15.49298pt too wide) in paragraph at lines 1--3
\OT1/cmr/bx/n/10 ety
 []


Overfull \hbox (26.1943pt too wide) in paragraph at lines 1--3
\OT1/cmr/bx/n/10 2021,
 []


Overfull \hbox (24.93044pt too wide) in paragraph at lines 1--3
\OT1/cmr/bx/n/10 (Vir-
 []


Overfull \hbox (27.31233pt too wide) in paragraph at lines 1--3
\OT1/cmr/bx/n/10 tual),
 []


Overfull \hbox (21.08322pt too wide) in paragraph at lines 1--3
\OT1/cmr/bx/n/10 S15,
 []


Overfull \hbox (24.27765pt too wide) in paragraph at lines 1--3
\OT1/cmr/bx/n/10 SS21 
 []


! LaTeX Error: Missing \begin{document}.

See the LaTeX manual or LaTeX Companion for explanation.
Type  H <return>  for immediate help.
 ...                                              
                                                  
l.4 \textbf{Poster title:}
                           SS21: S15: The velocity distributions of white dw...

You're in trouble here.  Try typing  <return>  to proceed.
If that doesn't work, type  X <return>  to quit.

Missing character: There is no S in font nullfont!
Missing character: There is no S in font nullfont!
Missing character: There is no 2 in font nullfont!
Missing character: There is no 1 in font nullfont!
Missing character: There is no : in font nullfont!
Missing character: There is no S in font nullfont!
Missing character: There is no 1 in font nullfont!
Missing character: There is no 5 in font nullfont!
Missing character: There is no : in font nullfont!
Missing character: There is no T in font nullfont!
Missing character: There is no h in font nullfont!
Missing character: There is no e in font nullfont!
Missing character: There is no v in font nullfont!
Missing character: There is no e in font nullfont!
Missing character: There is no l in font nullfont!
Missing character: There is no o in font nullfont!
Missing character: There is no c in font nullfont!
Missing character: There is no i in font nullfont!
Missing character: There is no t in font nullfont!
Missing character: There is no y in font nullfont!
Missing character: There is no d in font nullfont!
Missing character: There is no i in font nullfont!
Missing character: There is no s in font nullfont!
Missing character: There is no t in font nullfont!
Missing character: There is no r in font nullfont!
Missing character: There is no i in font nullfont!
Missing character: There is no b in font nullfont!
Missing character: There is no u in font nullfont!
Missing character: There is no t in font nullfont!
Missing character: There is no i in font nullfont!
Missing character: There is no o in font nullfont!
Missing character: There is no n in font nullfont!
Missing character: There is no s in font nullfont!
Missing character: There is no o in font nullfont!
Missing character: There is no f in font nullfont!
Missing character: There is no w in font nullfont!
Missing character: There is no h in font nullfont!
Missing character: There is no i in font nullfont!
Missing character: There is no t in font nullfont!
Missing character: There is no e in font nullfont!
Missing character: There is no d in font nullfont!
Missing character: There is no w in font nullfont!
Missing character: There is no a in font nullfont!
Missing character: There is no r in font nullfont!
Missing character: There is no f in font nullfont!
Missing character: There is no s in font nullfont!
Missing character: There is no i in font nullfont!
Missing character: There is no n in font nullfont!
Missing character: There is no G in font nullfont!
Missing character: There is no a in font nullfont!
Missing character: There is no i in font nullfont!
Missing character: There is no a in font nullfont!
Missing character: There is no E in font nullfont!
Missing character: There is no D in font nullfont!
Missing character: There is no R in font nullfont!
Missing character: There is no 3 in font nullfont!
Missing character: There is no , in font nullfont!
Missing character: There is no R in font nullfont!
Missing character: There is no a in font nullfont!
Missing character: There is no d in font nullfont!
Missing character: There is no i in font nullfont!
Missing character: There is no a in font nullfont!
Missing character: There is no l in font nullfont!
Missing character: There is no m in font nullfont!
Missing character: There is no i in font nullfont!
Missing character: There is no g in font nullfont!
Missing character: There is no r in font nullfont!
Missing character: There is no a in font nullfont!
Missing character: There is no t in font nullfont!
Missing character: There is no i in font nullfont!
Missing character: There is no o in font nullfont!
Missing character: There is no n in font nullfont!
Missing character: There is no a in font nullfont!
Missing character: There is no n in font nullfont!
Missing character: There is no d in font nullfont!
Missing character: There is no v in font nullfont!
Missing character: There is no e in font nullfont!
Missing character: There is no r in font nullfont!
Missing character: There is no t in font nullfont!
Missing character: There is no i in font nullfont!
Missing character: There is no c in font nullfont!
Missing character: There is no a in font nullfont!
Missing character: There is no l in font nullfont!
Missing character: There is no a in font nullfont!
Missing character: There is no c in font nullfont!
Missing character: There is no t in font nullfont!
Missing character: There is no i in font nullfont!
Missing character: There is no o in font nullfont!
Missing character: There is no n in font nullfont!
Missing character: There is no i in font nullfont!
Missing character: There is no n in font nullfont!
LaTeX Font Info:    External font `cmex10' loaded for size
(Font)              <7> on input line 4.
LaTeX Font Info:    External font `cmex10' loaded for size
(Font)              <5> on input line 4.
Missing character: There is no - in font nullfont!
Missing character: There is no b in font nullfont!
Missing character: There is no o in font nullfont!
Missing character: There is no d in font nullfont!
Missing character: There is no y in font nullfont!
Missing character: There is no s in font nullfont!
Missing character: There is no i in font nullfont!
Missing character: There is no m in font nullfont!
Missing character: There is no u in font nullfont!
Missing character: There is no l in font nullfont!
Missing character: There is no a in font nullfont!
Missing character: There is no t in font nullfont!
Missing character: There is no i in font nullfont!
Missing character: There is no o in font nullfont!
Missing character: There is no n in font nullfont!
Missing character: There is no s in font nullfont!
! Undefined control sequence.
l.6 \entry
          *[29 June - 3 July 2020]%
The control sequence at the end of the top line
of your error message was never \def'ed. If you have
misspelled it (e.g., `\hobx'), type `I' and the correct
spelling (e.g., `I\hbox'). Otherwise just continue,
and I'll forget about whatever was undefined.

Missing character: There is no * in font nullfont!
Missing character: There is no [ in font nullfont!
Missing character: There is no 2 in font nullfont!
Missing character: There is no 9 in font nullfont!
Missing character: There is no J in font nullfont!
Missing character: There is no u in font nullfont!
Missing character: There is no n in font nullfont!
Missing character: There is no e in font nullfont!
Missing character: There is no - in font nullfont!
Missing character: There is no 3 in font nullfont!
Missing character: There is no J in font nullfont!
Missing character: There is no u in font nullfont!
Missing character: There is no l in font nullfont!
Missing character: There is no y in font nullfont!
Missing character: There is no 2 in font nullfont!
Missing character: There is no 0 in font nullfont!
Missing character: There is no 2 in font nullfont!
Missing character: There is no 0 in font nullfont!
Missing character: There is no ] in font nullfont!

Overfull \hbox (52.30678pt too wide) in paragraph at lines 4--7
[]\OT1/cmr/bx/n/10 Poster
 []


Overfull \hbox (11.49994pt too wide) in paragraph at lines 4--7
\OT1/cmr/bx/n/10 ti-
 []


Overfull \hbox (16.13187pt too wide) in paragraph at lines 4--7
\OT1/cmr/bx/n/10 tle:
 []


Overfull \hbox (9.12497pt too wide) in paragraph at lines 4--7
\OML/cmm/m/it/10 N$
 []


Overfull \hbox (17.77768pt too wide) in paragraph at lines 4--7
\OT1/cmr/bx/n/10 Eu-
 []


Overfull \hbox (14.31938pt too wide) in paragraph at lines 4--7
\OT1/cmr/bx/n/10 ro-
 []


Overfull \hbox (23.95819pt too wide) in paragraph at lines 4--7
\OT1/cmr/bx/n/10 pean
 []


Overfull \hbox (17.06378pt too wide) in paragraph at lines 4--7
\OT1/cmr/bx/n/10 As-
 []


Overfull \hbox (18.79158pt too wide) in paragraph at lines 4--7
\OT1/cmr/bx/n/10 tro-
 []


Overfull \hbox (25.55542pt too wide) in paragraph at lines 4--7
\OT1/cmr/bx/n/10 nom-
 []


Overfull \hbox (7.02774pt too wide) in paragraph at lines 4--7
\OT1/cmr/bx/n/10 i-
 []


Overfull \hbox (13.89574pt too wide) in paragraph at lines 4--7
\OT1/cmr/bx/n/10 cal
 []


Overfull \hbox (15.97214pt too wide) in paragraph at lines 4--7
\OT1/cmr/bx/n/10 So-
 []


Overfull \hbox (12.13882pt too wide) in paragraph at lines 4--7
\OT1/cmr/bx/n/10 ci-
 []


Overfull \hbox (15.49298pt too wide) in paragraph at lines 4--7
\OT1/cmr/bx/n/10 ety
 []


Overfull \hbox (26.1943pt too wide) in paragraph at lines 4--7
\OT1/cmr/bx/n/10 2020,
 []


Overfull \hbox (24.93044pt too wide) in paragraph at lines 4--7
\OT1/cmr/bx/n/10 (Vir-
 []


Overfull \hbox (24.1179pt too wide) in paragraph at lines 4--7
\OT1/cmr/bx/n/10 tual) 
 []


! LaTeX Error: Missing \begin{document}.

See the LaTeX manual or LaTeX Companion for explanation.
Type  H <return>  for immediate help.
 ...                                              
                                                  
l.8 \textbf{Poster title:}
                           Which stars radially migrate in disc galaxies?
You're in trouble here.  Try typing  <return>  to proceed.
If that doesn't work, type  X <return>  to quit.

Missing character: There is no W in font nullfont!
Missing character: There is no h in font nullfont!
Missing character: There is no i in font nullfont!
Missing character: There is no c in font nullfont!
Missing character: There is no h in font nullfont!
Missing character: There is no s in font nullfont!
Missing character: There is no t in font nullfont!
Missing character: There is no a in font nullfont!
Missing character: There is no r in font nullfont!
Missing character: There is no s in font nullfont!
Missing character: There is no r in font nullfont!
Missing character: There is no a in font nullfont!
Missing character: There is no d in font nullfont!
Missing character: There is no i in font nullfont!
Missing character: There is no a in font nullfont!
Missing character: There is no l in font nullfont!
Missing character: There is no l in font nullfont!
Missing character: There is no y in font nullfont!
Missing character: There is no m in font nullfont!
Missing character: There is no i in font nullfont!
Missing character: There is no g in font nullfont!
Missing character: There is no r in font nullfont!
Missing character: There is no a in font nullfont!
Missing character: There is no t in font nullfont!
Missing character: There is no e in font nullfont!
Missing character: There is no i in font nullfont!
Missing character: There is no n in font nullfont!
Missing character: There is no d in font nullfont!
Missing character: There is no i in font nullfont!
Missing character: There is no s in font nullfont!
Missing character: There is no c in font nullfont!
Missing character: There is no g in font nullfont!
Missing character: There is no a in font nullfont!
Missing character: There is no l in font nullfont!
Missing character: There is no a in font nullfont!
Missing character: There is no x in font nullfont!
Missing character: There is no i in font nullfont!
Missing character: There is no e in font nullfont!
Missing character: There is no s in font nullfont!
Missing character: There is no ? in font nullfont!
! Undefined control sequence.
l.10 \entry
           *[6 May 2020]%
The control sequence at the end of the top line
of your error message was never \def'ed. If you have
misspelled it (e.g., `\hobx'), type `I' and the correct
spelling (e.g., `I\hbox'). Otherwise just continue,
and I'll forget about whatever was undefined.

Missing character: There is no * in font nullfont!
Missing character: There is no [ in font nullfont!
Missing character: There is no 6 in font nullfont!
Missing character: There is no M in font nullfont!
Missing character: There is no a in font nullfont!
Missing character: There is no y in font nullfont!
Missing character: There is no 2 in font nullfont!
Missing character: There is no 0 in font nullfont!
Missing character: There is no 2 in font nullfont!
Missing character: There is no 0 in font nullfont!
Missing character: There is no ] in font nullfont!
Missing character: There is no , in font nullfont!
Missing character: There is no T in font nullfont!
Missing character: There is no a in font nullfont!
Missing character: There is no l in font nullfont!
Missing character: There is no k in font nullfont!

Overfull \hbox (52.30678pt too wide) in paragraph at lines 8--11
[]\OT1/cmr/bx/n/10 Poster
 []


Overfull \hbox (11.49994pt too wide) in paragraph at lines 8--11
\OT1/cmr/bx/n/10 ti-
 []


Overfull \hbox (16.13187pt too wide) in paragraph at lines 8--11
\OT1/cmr/bx/n/10 tle:
 []


Overfull \hbox (31.83316pt too wide) in paragraph at lines 8--11
\OT1/cmr/bx/n/10 MPIA
 []


Overfull \hbox (21.29851pt too wide) in paragraph at lines 8--11
\OT1/cmr/bx/n/10 Hei-
 []


Overfull \hbox (18.68741pt too wide) in paragraph at lines 8--11
\OT1/cmr/bx/n/10 del-
 []


Overfull \hbox (22.46518pt too wide) in paragraph at lines 8--11
\OT1/cmr/bx/n/10 berg
 []


Overfull \hbox (27.35403pt too wide) in paragraph at lines 8--11
\OT1/cmr/bx/n/10 (Ger-
 []


Overfull \hbox (31.78453pt too wide) in paragraph at lines 8--11
\OT1/cmr/bx/n/10 many)
 []


! LaTeX Error: Missing \begin{document}.

See the LaTeX manual or LaTeX Companion for explanation.
Type  H <return>  for immediate help.
 ...                                              
                                                  
l.12 \textbf{Talk title:}
                          Radial migration and vertical action in $N$-body s...

You're in trouble here.  Try typing  <return>  to proceed.
If that doesn't work, type  X <return>  to quit.

Missing character: There is no R in font nullfont!
Missing character: There is no a in font nullfont!
Missing character: There is no d in font nullfont!
Missing character: There is no i in font nullfont!
Missing character: There is no a in font nullfont!
Missing character: There is no l in font nullfont!
Missing character: There is no m in font nullfont!
Missing character: There is no i in font nullfont!
Missing character: There is no g in font nullfont!
Missing character: There is no r in font nullfont!
Missing character: There is no a in font nullfont!
Missing character: There is no t in font nullfont!
Missing character: There is no i in font nullfont!
Missing character: There is no o in font nullfont!
Missing character: There is no n in font nullfont!
Missing character: There is no a in font nullfont!
Missing character: There is no n in font nullfont!
Missing character: There is no d in font nullfont!
Missing character: There is no v in font nullfont!
Missing character: There is no e in font nullfont!
Missing character: There is no r in font nullfont!
Missing character: There is no t in font nullfont!
Missing character: There is no i in font nullfont!
Missing character: There is no c in font nullfont!
Missing character: There is no a in font nullfont!
Missing character: There is no l in font nullfont!
Missing character: There is no a in font nullfont!
Missing character: There is no c in font nullfont!
Missing character: There is no t in font nullfont!
Missing character: There is no i in font nullfont!
Missing character: There is no o in font nullfont!
Missing character: There is no n in font nullfont!
Missing character: There is no i in font nullfont!
Missing character: There is no n in font nullfont!
Missing character: There is no - in font nullfont!
Missing character: There is no b in font nullfont!
Missing character: There is no o in font nullfont!
Missing character: There is no d in font nullfont!
Missing character: There is no y in font nullfont!
Missing character: There is no s in font nullfont!
Missing character: There is no i in font nullfont!
Missing character: There is no m in font nullfont!
Missing character: There is no u in font nullfont!
Missing character: There is no l in font nullfont!
Missing character: There is no a in font nullfont!
Missing character: There is no t in font nullfont!
Missing character: There is no i in font nullfont!
Missing character: There is no o in font nullfont!
Missing character: There is no n in font nullfont!
Missing character: There is no s in font nullfont!
! Undefined control sequence.
l.14 \entry
           *[5 May 2020]%
The control sequence at the end of the top line
of your error message was never \def'ed. If you have
misspelled it (e.g., `\hobx'), type `I' and the correct
spelling (e.g., `I\hbox'). Otherwise just continue,
and I'll forget about whatever was undefined.

Missing character: There is no * in font nullfont!
Missing character: There is no [ in font nullfont!
Missing character: There is no 5 in font nullfont!
Missing character: There is no M in font nullfont!
Missing character: There is no a in font nullfont!
Missing character: There is no y in font nullfont!
Missing character: There is no 2 in font nullfont!
Missing character: There is no 0 in font nullfont!
Missing character: There is no 2 in font nullfont!
Missing character: There is no 0 in font nullfont!
Missing character: There is no ] in font nullfont!
Missing character: There is no , in font nullfont!
Missing character: There is no T in font nullfont!
Missing character: There is no a in font nullfont!
Missing character: There is no l in font nullfont!
Missing character: There is no k in font nullfont!

Overfull \hbox (41.89569pt too wide) in paragraph at lines 12--15
[]\OT1/cmr/bx/n/10 Talk
 []


Overfull \hbox (11.49994pt too wide) in paragraph at lines 12--15
\OT1/cmr/bx/n/10 ti-
 []


Overfull \hbox (16.13187pt too wide) in paragraph at lines 12--15
\OT1/cmr/bx/n/10 tle:
 []


Overfull \hbox (9.12497pt too wide) in paragraph at lines 12--15
\OML/cmm/m/it/10 N$
 []


Overfull \hbox (23.1596pt too wide) in paragraph at lines 12--15
\OT1/cmr/bx/n/10 Stel-
 []


Overfull \hbox (13.52075pt too wide) in paragraph at lines 12--15
\OT1/cmr/bx/n/10 lar
 []


Overfull \hbox (23.51376pt too wide) in paragraph at lines 12--15
\OT1/cmr/bx/n/10 Pop-
 []


Overfull \hbox (10.22217pt too wide) in paragraph at lines 12--15
\OT1/cmr/bx/n/10 u-
 []


Overfull \hbox (12.61797pt too wide) in paragraph at lines 12--15
\OT1/cmr/bx/n/10 la-
 []


Overfull \hbox (24.34152pt too wide) in paragraph at lines 12--15
\OT1/cmr/bx/n/10 tions
 []


Overfull \hbox (32.20818pt too wide) in paragraph at lines 12--15
\OT1/cmr/bx/n/10 group,
 []


Overfull \hbox (26.08319pt too wide) in paragraph at lines 12--15
\OT1/cmr/bx/n/10 Lund
 []


Overfull \hbox (27.95125pt too wide) in paragraph at lines 12--15
\OT1/cmr/bx/n/10 (Swe-
 []


Overfull \hbox (22.52072pt too wide) in paragraph at lines 12--15
\OT1/cmr/bx/n/10 den)
 []


! LaTeX Error: Missing \begin{document}.

See the LaTeX manual or LaTeX Companion for explanation.
Type  H <return>  for immediate help.
 ...                                              
                                                  
l.16 \textbf{Talk title:}
                          Radial migration and vertical action in $N$-body s...

You're in trouble here.  Try typing  <return>  to proceed.
If that doesn't work, type  X <return>  to quit.

Missing character: There is no R in font nullfont!
Missing character: There is no a in font nullfont!
Missing character: There is no d in font nullfont!
Missing character: There is no i in font nullfont!
Missing character: There is no a in font nullfont!
Missing character: There is no l in font nullfont!
Missing character: There is no m in font nullfont!
Missing character: There is no i in font nullfont!
Missing character: There is no g in font nullfont!
Missing character: There is no r in font nullfont!
Missing character: There is no a in font nullfont!
Missing character: There is no t in font nullfont!
Missing character: There is no i in font nullfont!
Missing character: There is no o in font nullfont!
Missing character: There is no n in font nullfont!
Missing character: There is no a in font nullfont!
Missing character: There is no n in font nullfont!
Missing character: There is no d in font nullfont!
Missing character: There is no v in font nullfont!
Missing character: There is no e in font nullfont!
Missing character: There is no r in font nullfont!
Missing character: There is no t in font nullfont!
Missing character: There is no i in font nullfont!
Missing character: There is no c in font nullfont!
Missing character: There is no a in font nullfont!
Missing character: There is no l in font nullfont!
Missing character: There is no a in font nullfont!
Missing character: There is no c in font nullfont!
Missing character: There is no t in font nullfont!
Missing character: There is no i in font nullfont!
Missing character: There is no o in font nullfont!
Missing character: There is no n in font nullfont!
Missing character: There is no i in font nullfont!
Missing character: There is no n in font nullfont!
Missing character: There is no - in font nullfont!
Missing character: There is no b in font nullfont!
Missing character: There is no o in font nullfont!
Missing character: There is no d in font nullfont!
Missing character: There is no y in font nullfont!
Missing character: There is no s in font nullfont!
Missing character: There is no i in font nullfont!
Missing character: There is no m in font nullfont!
Missing character: There is no u in font nullfont!
Missing character: There is no l in font nullfont!
Missing character: There is no a in font nullfont!
Missing character: There is no t in font nullfont!
Missing character: There is no i in font nullfont!
Missing character: There is no o in font nullfont!
Missing character: There is no n in font nullfont!
Missing character: There is no s in font nullfont!
! Undefined control sequence.
l.18 \entry
           *[27 May 2019]%
The control sequence at the end of the top line
of your error message was never \def'ed. If you have
misspelled it (e.g., `\hobx'), type `I' and the correct
spelling (e.g., `I\hbox'). Otherwise just continue,
and I'll forget about whatever was undefined.

Missing character: There is no * in font nullfont!
Missing character: There is no [ in font nullfont!
Missing character: There is no 2 in font nullfont!
Missing character: There is no 7 in font nullfont!
Missing character: There is no M in font nullfont!
Missing character: There is no a in font nullfont!
Missing character: There is no y in font nullfont!
Missing character: There is no 2 in font nullfont!
Missing character: There is no 0 in font nullfont!
Missing character: There is no 1 in font nullfont!
Missing character: There is no 9 in font nullfont!
Missing character: There is no ] in font nullfont!
Missing character: There is no , in font nullfont!
Missing character: There is no T in font nullfont!
Missing character: There is no a in font nullfont!
Missing character: There is no l in font nullfont!
Missing character: There is no k in font nullfont!

Overfull \hbox (41.89569pt too wide) in paragraph at lines 16--19
[]\OT1/cmr/bx/n/10 Talk
 []


Overfull \hbox (11.49994pt too wide) in paragraph at lines 16--19
\OT1/cmr/bx/n/10 ti-
 []


Overfull \hbox (16.13187pt too wide) in paragraph at lines 16--19
\OT1/cmr/bx/n/10 tle:
 []


Overfull \hbox (9.12497pt too wide) in paragraph at lines 16--19
\OML/cmm/m/it/10 N$
 []


Overfull \hbox (19.65962pt too wide) in paragraph at lines 16--19
\OT1/cmr/bx/n/10 The
 []


Overfull \hbox (22.57628pt too wide) in paragraph at lines 16--19
\OT1/cmr/bx/n/10 New
 []


Overfull \hbox (29.44429pt too wide) in paragraph at lines 16--19
\OT1/cmr/bx/n/10 Milky
 []


Overfull \hbox (22.27069pt too wide) in paragraph at lines 16--19
\OT1/cmr/bx/n/10 Way
 []


Overfull \hbox (28.43042pt too wide) in paragraph at lines 16--19
\OT1/cmr/bx/n/10 meet-
 []


Overfull \hbox (18.52768pt too wide) in paragraph at lines 16--19
\OT1/cmr/bx/n/10 ing,
 []


Overfull \hbox (35.1609pt too wide) in paragraph at lines 16--19
[]\OT1/cmr/bx/n/10 Oren^^?as
 []


Overfull \hbox (19.0707pt too wide) in paragraph at lines 16--19
\OT1/cmr/bx/n/10 cas-
 []


Overfull \hbox (12.93744pt too wide) in paragraph at lines 16--19
\OT1/cmr/bx/n/10 tle
 []


Overfull \hbox (27.95125pt too wide) in paragraph at lines 16--19
\OT1/cmr/bx/n/10 (Swe-
 []


Overfull \hbox (22.52072pt too wide) in paragraph at lines 16--19
\OT1/cmr/bx/n/10 den)
 []


! LaTeX Error: Missing \begin{document}.

See the LaTeX manual or LaTeX Companion for explanation.
Type  H <return>  for immediate help.
 ...                                              
                                                  
l.20 \textbf{Talk title:}
                          Effects of spiral arms in $N$-body galaxy simulations

You're in trouble here.  Try typing  <return>  to proceed.
If that doesn't work, type  X <return>  to quit.

Missing character: There is no E in font nullfont!
Missing character: There is no f in font nullfont!
Missing character: There is no f in font nullfont!
Missing character: There is no e in font nullfont!
Missing character: There is no c in font nullfont!
Missing character: There is no t in font nullfont!
Missing character: There is no s in font nullfont!
Missing character: There is no o in font nullfont!
Missing character: There is no f in font nullfont!
Missing character: There is no s in font nullfont!
Missing character: There is no p in font nullfont!
Missing character: There is no i in font nullfont!
Missing character: There is no r in font nullfont!
Missing character: There is no a in font nullfont!
Missing character: There is no l in font nullfont!
Missing character: There is no a in font nullfont!
Missing character: There is no r in font nullfont!
Missing character: There is no m in font nullfont!
Missing character: There is no s in font nullfont!
Missing character: There is no i in font nullfont!
Missing character: There is no n in font nullfont!
Missing character: There is no - in font nullfont!
Missing character: There is no b in font nullfont!
Missing character: There is no o in font nullfont!
Missing character: There is no d in font nullfont!
Missing character: There is no y in font nullfont!
Missing character: There is no g in font nullfont!
Missing character: There is no a in font nullfont!
Missing character: There is no l in font nullfont!
Missing character: There is no a in font nullfont!
Missing character: There is no x in font nullfont!
Missing character: There is no y in font nullfont!
Missing character: There is no s in font nullfont!
Missing character: There is no i in font nullfont!
Missing character: There is no m in font nullfont!
Missing character: There is no u in font nullfont!
Missing character: There is no l in font nullfont!
Missing character: There is no a in font nullfont!
Missing character: There is no t in font nullfont!
Missing character: There is no i in font nullfont!
Missing character: There is no o in font nullfont!
Missing character: There is no n in font nullfont!
Missing character: There is no s in font nullfont!

! LaTeX Error: \begin{document} ended by \end{rubric}.

See the LaTeX manual or LaTeX Companion for explanation.
Type  H <return>  for immediate help.
 ...                                              
                                                  
l.24 \end{rubric}
                 
Your command was ignored.
Type  I <command> <return>  to replace it with another command,
or  <return>  to continue without it.

)
! Emergency stop.
<*> contributions.tex
                     
*** (job aborted, no legal \end found)

 
Here is how much of TeX's memory you used:
 24 strings out of 480876
 484 string characters out of 5907598
 245537 words of memory out of 5000000
 15751 multiletter control sequences out of 15000+600000
 535396 words of font info for 30 fonts, out of 8000000 for 9000
 1141 hyphenation exceptions out of 8191
 18i,1n,15p,187b,76s stack positions out of 5000i,500n,10000p,200000b,80000s
!  ==> Fatal error occurred, no output PDF file produced!
